2025-01-10 16:42:18,959 - ERROR - Error fetching issues: JiraError HTTP 400 url: https://shivamsolanki9893.atlassian.net/rest/api/2/search?jql=project+%3D+SUP-1+AND+created+%3E%3D+%272025-01-10+16%3A37%27+AND+assignee+is+EMPTY&startAt=0&validateQuery=True&fields=%2Aall&maxResults=50
	text: The value 'SUP-1' does not exist for the field 'project'.
	
	response headers = {'Date': 'Fri, 10 Jan 2025 11:12:20 GMT', 'Content-Type': 'application/json;charset=UTF-8', 'Server': 'AtlassianEdge', 'Timing-Allow-Origin': '*', 'X-Arequestid': 'a7decd3329d589cfa4d66ff34c257e9b', 'X-Aaccountid': '712020%3A31fb3cd2-a063-4eca-90e2-7bddab9cf8fb', 'Cache-Control': 'no-cache, no-store, no-transform', 'X-Content-Type-Options': 'nosniff', 'X-Xss-Protection': '1; mode=block', 'Atl-Traceid': '722dbda9aa224ceb92e2e0d704b7cd11', 'Atl-Request-Id': '722dbda9-aa22-4ceb-92e2-e0d704b7cd11', 'Strict-Transport-Security': 'max-age=63072000; includeSubDomains; preload', 'Report-To': '{"endpoints": [{"url": "https://dz8aopenkvv6s.cloudfront.net"}], "group": "endpoint-1", "include_subdomains": true, "max_age": 600}', 'Nel': '{"failure_fraction": 0.001, "include_subdomains": true, "max_age": 600, "report_to": "endpoint-1"}', 'Server-Timing': 'atl-edge;dur=374,atl-edge-internal;dur=13,atl-edge-upstream;dur=361,atl-edge-pop;desc="aws-ap-south-1"', 'Transfer-Encoding': 'chunked'}
	response text = {"errorMessages":["The value 'SUP-1' does not exist for the field 'project'."],"warningMessages":[]}
2025-01-10 16:45:37,146 - INFO - Successfully assigned issue SUP-2 to shivamsolanki1415@gmail.com
2025-01-10 16:48:10,344 - INFO - Successfully assigned issue SUP-4 to shivamsolanki1415@gmail.com
2025-01-10 16:48:11,124 - INFO - Successfully assigned issue SUP-3 to shivamsolanki1415@gmail.com
2025-01-10 17:14:20,431 - ERROR - Error fetching issues: JiraError HTTP 400 url: https://shivamsolanki9893.atlassian.net/rest/api/2/search?jql=project+%3D+SUP+AND+created+%3E%3D+%272025-01-10+17%3A09%27+AND+assignee+is+EMPTY&startAt=0&validateQuery=True&fields=%2Aall&maxResults=50
	text: The value 'SUP' does not exist for the field 'project'.
	
	response headers = {'Date': 'Fri, 10 Jan 2025 11:44:21 GMT', 'Content-Type': 'application/json;charset=UTF-8', 'Server': 'AtlassianEdge', 'Timing-Allow-Origin': '*', 'X-Arequestid': '64d2f823aab29ce455855c01f7830e32', 'X-Seraph-Loginreason': 'AUTHENTICATED_FAILED', 'Cache-Control': 'no-cache, no-store, no-transform', 'X-Content-Type-Options': 'nosniff', 'X-Xss-Protection': '1; mode=block', 'Atl-Traceid': '2408184515c54af4b0dbc461dd8dc17a', 'Atl-Request-Id': '24081845-15c5-4af4-b0db-c461dd8dc17a', 'Strict-Transport-Security': 'max-age=63072000; includeSubDomains; preload', 'Report-To': '{"endpoints": [{"url": "https://dz8aopenkvv6s.cloudfront.net"}], "group": "endpoint-1", "include_subdomains": true, "max_age": 600}', 'Nel': '{"failure_fraction": 0.001, "include_subdomains": true, "max_age": 600, "report_to": "endpoint-1"}', 'Server-Timing': 'atl-edge;dur=238,atl-edge-internal;dur=14,atl-edge-upstream;dur=225,atl-edge-pop;desc="aws-ap-south-1"', 'Transfer-Encoding': 'chunked'}
	response text = {"errorMessages":["The value 'SUP' does not exist for the field 'project'."],"warningMessages":[]}
2025-01-10 17:14:43,982 - ERROR - Error fetching issues: JiraError HTTP 400 url: https://shivamsolanki9893.atlassian.net/rest/api/2/search?jql=project+%3D+SUP+AND+created+%3E%3D+%272025-01-10+17%3A09%27+AND+assignee+is+EMPTY&startAt=0&validateQuery=True&fields=%2Aall&maxResults=50
	text: The value 'SUP' does not exist for the field 'project'.
	
	response headers = {'Date': 'Fri, 10 Jan 2025 11:44:45 GMT', 'Content-Type': 'application/json;charset=UTF-8', 'Server': 'AtlassianEdge', 'Timing-Allow-Origin': '*', 'X-Arequestid': '76fa794de6601f9c626a803223127a8e', 'X-Seraph-Loginreason': 'AUTHENTICATED_FAILED', 'Cache-Control': 'no-cache, no-store, no-transform', 'X-Content-Type-Options': 'nosniff', 'X-Xss-Protection': '1; mode=block', 'Atl-Traceid': 'e2240f1dfcd94c9c8085a0dcbf24ff5b', 'Atl-Request-Id': 'e2240f1d-fcd9-4c9c-8085-a0dcbf24ff5b', 'Strict-Transport-Security': 'max-age=63072000; includeSubDomains; preload', 'Report-To': '{"endpoints": [{"url": "https://dz8aopenkvv6s.cloudfront.net"}], "group": "endpoint-1", "include_subdomains": true, "max_age": 600}', 'Nel': '{"failure_fraction": 0.001, "include_subdomains": true, "max_age": 600, "report_to": "endpoint-1"}', 'Server-Timing': 'atl-edge;dur=247,atl-edge-internal;dur=11,atl-edge-upstream;dur=236,atl-edge-pop;desc="aws-ap-south-1"', 'Transfer-Encoding': 'chunked'}
	response text = {"errorMessages":["The value 'SUP' does not exist for the field 'project'."],"warningMessages":[]}
2025-01-10 17:15:14,267 - ERROR - Error fetching issues: JiraError HTTP 400 url: https://shivamsolanki9893.atlassian.net/rest/api/2/search?jql=project+%3D+SUP+AND+created+%3E%3D+%272025-01-10+17%3A09%27+AND+assignee+is+EMPTY&startAt=0&validateQuery=True&fields=%2Aall&maxResults=50
	text: The value 'SUP' does not exist for the field 'project'.
	
	response headers = {'Date': 'Fri, 10 Jan 2025 11:45:15 GMT', 'Content-Type': 'application/json;charset=UTF-8', 'Server': 'AtlassianEdge', 'Timing-Allow-Origin': '*', 'X-Arequestid': '49773a90a1ad63ff2639e4ed069bc13b', 'X-Seraph-Loginreason': 'AUTHENTICATED_FAILED', 'Cache-Control': 'no-cache, no-store, no-transform', 'X-Content-Type-Options': 'nosniff', 'X-Xss-Protection': '1; mode=block', 'Atl-Traceid': 'ff7f324ca17049dcbe34cf2d6fdd231c', 'Atl-Request-Id': 'ff7f324c-a170-49dc-be34-cf2d6fdd231c', 'Strict-Transport-Security': 'max-age=63072000; includeSubDomains; preload', 'Report-To': '{"endpoints": [{"url": "https://dz8aopenkvv6s.cloudfront.net"}], "group": "endpoint-1", "include_subdomains": true, "max_age": 600}', 'Nel': '{"failure_fraction": 0.001, "include_subdomains": true, "max_age": 600, "report_to": "endpoint-1"}', 'Server-Timing': 'atl-edge;dur=257,atl-edge-internal;dur=12,atl-edge-upstream;dur=246,atl-edge-pop;desc="aws-ap-south-1"', 'Transfer-Encoding': 'chunked'}
	response text = {"errorMessages":["The value 'SUP' does not exist for the field 'project'."],"warningMessages":[]}
2025-01-10 17:16:56,905 - ERROR - Error fetching issues: JiraError HTTP 400 url: https://shivamsolanki9893.atlassian.net/rest/api/2/search?jql=project+%3D+SUP+AND+created+%3E%3D+%272025-01-10+17%3A11%27+AND+assignee+is+EMPTY&startAt=0&validateQuery=True&fields=%2Aall&maxResults=50
	text: The value 'SUP' does not exist for the field 'project'.
	
	response headers = {'Date': 'Fri, 10 Jan 2025 11:46:58 GMT', 'Content-Type': 'application/json;charset=UTF-8', 'Server': 'AtlassianEdge', 'Timing-Allow-Origin': '*', 'X-Arequestid': '8e90f218ca4212c85a1ce813f5ebf2d5', 'X-Seraph-Loginreason': 'AUTHENTICATED_FAILED', 'Cache-Control': 'no-cache, no-store, no-transform', 'X-Content-Type-Options': 'nosniff', 'X-Xss-Protection': '1; mode=block', 'Atl-Traceid': 'a5c56439cf5e47aaab766f77395edea0', 'Atl-Request-Id': 'a5c56439-cf5e-47aa-ab76-6f77395edea0', 'Strict-Transport-Security': 'max-age=63072000; includeSubDomains; preload', 'Report-To': '{"endpoints": [{"url": "https://dz8aopenkvv6s.cloudfront.net"}], "group": "endpoint-1", "include_subdomains": true, "max_age": 600}', 'Nel': '{"failure_fraction": 0.001, "include_subdomains": true, "max_age": 600, "report_to": "endpoint-1"}', 'Server-Timing': 'atl-edge;dur=260,atl-edge-internal;dur=9,atl-edge-upstream;dur=251,atl-edge-pop;desc="aws-ap-south-1"', 'Transfer-Encoding': 'chunked'}
	response text = {"errorMessages":["The value 'SUP' does not exist for the field 'project'."],"warningMessages":[]}
2025-01-10 17:17:27,205 - ERROR - Error fetching issues: JiraError HTTP 400 url: https://shivamsolanki9893.atlassian.net/rest/api/2/search?jql=project+%3D+SUP+AND+created+%3E%3D+%272025-01-10+17%3A11%27+AND+assignee+is+EMPTY&startAt=0&validateQuery=True&fields=%2Aall&maxResults=50
	text: The value 'SUP' does not exist for the field 'project'.
	
	response headers = {'Date': 'Fri, 10 Jan 2025 11:47:28 GMT', 'Content-Type': 'application/json;charset=UTF-8', 'Server': 'AtlassianEdge', 'Timing-Allow-Origin': '*', 'X-Arequestid': 'f9915cb986ee0216e657a948243b4758', 'X-Seraph-Loginreason': 'AUTHENTICATED_FAILED', 'Cache-Control': 'no-cache, no-store, no-transform', 'X-Content-Type-Options': 'nosniff', 'X-Xss-Protection': '1; mode=block', 'Atl-Traceid': 'd5405e7705f2445cb239717b6baa418c', 'Atl-Request-Id': 'd5405e77-05f2-445c-b239-717b6baa418c', 'Strict-Transport-Security': 'max-age=63072000; includeSubDomains; preload', 'Report-To': '{"endpoints": [{"url": "https://dz8aopenkvv6s.cloudfront.net"}], "group": "endpoint-1", "include_subdomains": true, "max_age": 600}', 'Nel': '{"failure_fraction": 0.001, "include_subdomains": true, "max_age": 600, "report_to": "endpoint-1"}', 'Server-Timing': 'atl-edge;dur=282,atl-edge-internal;dur=16,atl-edge-upstream;dur=266,atl-edge-pop;desc="aws-ap-south-1"', 'Transfer-Encoding': 'chunked'}
	response text = {"errorMessages":["The value 'SUP' does not exist for the field 'project'."],"warningMessages":[]}
2025-01-10 17:17:57,503 - ERROR - Error fetching issues: JiraError HTTP 400 url: https://shivamsolanki9893.atlassian.net/rest/api/2/search?jql=project+%3D+SUP+AND+created+%3E%3D+%272025-01-10+17%3A11%27+AND+assignee+is+EMPTY&startAt=0&validateQuery=True&fields=%2Aall&maxResults=50
	text: The value 'SUP' does not exist for the field 'project'.
	
	response headers = {'Date': 'Fri, 10 Jan 2025 11:47:58 GMT', 'Content-Type': 'application/json;charset=UTF-8', 'Server': 'AtlassianEdge', 'Timing-Allow-Origin': '*', 'X-Arequestid': '057310331b7e67a63a7e6a3ab567d989', 'X-Seraph-Loginreason': 'AUTHENTICATED_FAILED', 'Cache-Control': 'no-cache, no-store, no-transform', 'X-Content-Type-Options': 'nosniff', 'X-Xss-Protection': '1; mode=block', 'Atl-Traceid': '3e9c95464aed4607af27547029b3eb2b', 'Atl-Request-Id': '3e9c9546-4aed-4607-af27-547029b3eb2b', 'Strict-Transport-Security': 'max-age=63072000; includeSubDomains; preload', 'Report-To': '{"endpoints": [{"url": "https://dz8aopenkvv6s.cloudfront.net"}], "group": "endpoint-1", "include_subdomains": true, "max_age": 600}', 'Nel': '{"failure_fraction": 0.001, "include_subdomains": true, "max_age": 600, "report_to": "endpoint-1"}', 'Server-Timing': 'atl-edge;dur=284,atl-edge-internal;dur=17,atl-edge-upstream;dur=264,atl-edge-pop;desc="aws-ap-south-1"', 'Transfer-Encoding': 'chunked'}
	response text = {"errorMessages":["The value 'SUP' does not exist for the field 'project'."],"warningMessages":[]}
2025-01-10 17:23:55,891 - ERROR - Error fetching issues: JiraError HTTP 400 url: https://shivamsolanki9893.atlassian.net/rest/api/2/search?jql=project+%3D+SUP+AND+created+%3E%3D+%272025-01-10+17%3A18%27+AND+assignee+is+EMPTY&startAt=0&validateQuery=True&fields=%2Aall&maxResults=50
	text: The value 'SUP' does not exist for the field 'project'.
	
	response headers = {'Date': 'Fri, 10 Jan 2025 11:53:57 GMT', 'Content-Type': 'application/json;charset=UTF-8', 'Server': 'AtlassianEdge', 'Timing-Allow-Origin': '*', 'X-Arequestid': 'bba3112c0748255dd8005fa6621b0be9', 'X-Seraph-Loginreason': 'AUTHENTICATED_FAILED', 'Cache-Control': 'no-cache, no-store, no-transform', 'X-Content-Type-Options': 'nosniff', 'X-Xss-Protection': '1; mode=block', 'Atl-Traceid': 'e106d9bf32434fb097252c38b9576e95', 'Atl-Request-Id': 'e106d9bf-3243-4fb0-9725-2c38b9576e95', 'Strict-Transport-Security': 'max-age=63072000; includeSubDomains; preload', 'Report-To': '{"endpoints": [{"url": "https://dz8aopenkvv6s.cloudfront.net"}], "group": "endpoint-1", "include_subdomains": true, "max_age": 600}', 'Nel': '{"failure_fraction": 0.001, "include_subdomains": true, "max_age": 600, "report_to": "endpoint-1"}', 'Server-Timing': 'atl-edge;dur=235,atl-edge-internal;dur=11,atl-edge-upstream;dur=224,atl-edge-pop;desc="aws-ap-south-1"', 'Transfer-Encoding': 'chunked'}
	response text = {"errorMessages":["The value 'SUP' does not exist for the field 'project'."],"warningMessages":[]}
2025-01-10 17:24:26,152 - ERROR - Error fetching issues: JiraError HTTP 400 url: https://shivamsolanki9893.atlassian.net/rest/api/2/search?jql=project+%3D+SUP+AND+created+%3E%3D+%272025-01-10+17%3A18%27+AND+assignee+is+EMPTY&startAt=0&validateQuery=True&fields=%2Aall&maxResults=50
	text: The value 'SUP' does not exist for the field 'project'.
	
	response headers = {'Date': 'Fri, 10 Jan 2025 11:54:27 GMT', 'Content-Type': 'application/json;charset=UTF-8', 'Server': 'AtlassianEdge', 'Timing-Allow-Origin': '*', 'X-Arequestid': '0635498ceba46ef882efc56b40d4e650', 'X-Seraph-Loginreason': 'AUTHENTICATED_FAILED', 'Cache-Control': 'no-cache, no-store, no-transform', 'X-Content-Type-Options': 'nosniff', 'X-Xss-Protection': '1; mode=block', 'Atl-Traceid': '71f6bddd1c4c4f2eb0c1ef3a33aa5f81', 'Atl-Request-Id': '71f6bddd-1c4c-4f2e-b0c1-ef3a33aa5f81', 'Strict-Transport-Security': 'max-age=63072000; includeSubDomains; preload', 'Report-To': '{"endpoints": [{"url": "https://dz8aopenkvv6s.cloudfront.net"}], "group": "endpoint-1", "include_subdomains": true, "max_age": 600}', 'Nel': '{"failure_fraction": 0.001, "include_subdomains": true, "max_age": 600, "report_to": "endpoint-1"}', 'Server-Timing': 'atl-edge;dur=253,atl-edge-internal;dur=11,atl-edge-upstream;dur=241,atl-edge-pop;desc="aws-ap-south-1"', 'Transfer-Encoding': 'chunked'}
	response text = {"errorMessages":["The value 'SUP' does not exist for the field 'project'."],"warningMessages":[]}
2025-01-10 17:24:56,462 - ERROR - Error fetching issues: JiraError HTTP 400 url: https://shivamsolanki9893.atlassian.net/rest/api/2/search?jql=project+%3D+SUP+AND+created+%3E%3D+%272025-01-10+17%3A18%27+AND+assignee+is+EMPTY&startAt=0&validateQuery=True&fields=%2Aall&maxResults=50
	text: The value 'SUP' does not exist for the field 'project'.
	
	response headers = {'Date': 'Fri, 10 Jan 2025 11:54:57 GMT', 'Content-Type': 'application/json;charset=UTF-8', 'Server': 'AtlassianEdge', 'Timing-Allow-Origin': '*', 'X-Arequestid': 'fb3e834f9533fcbf110907bb72141cfc', 'X-Seraph-Loginreason': 'AUTHENTICATED_FAILED', 'Cache-Control': 'no-cache, no-store, no-transform', 'X-Content-Type-Options': 'nosniff', 'X-Xss-Protection': '1; mode=block', 'Atl-Traceid': '3f346b7f46fc412b9f858a42422c6d9d', 'Atl-Request-Id': '3f346b7f-46fc-412b-9f85-8a42422c6d9d', 'Strict-Transport-Security': 'max-age=63072000; includeSubDomains; preload', 'Report-To': '{"endpoints": [{"url": "https://dz8aopenkvv6s.cloudfront.net"}], "group": "endpoint-1", "include_subdomains": true, "max_age": 600}', 'Nel': '{"failure_fraction": 0.001, "include_subdomains": true, "max_age": 600, "report_to": "endpoint-1"}', 'Server-Timing': 'atl-edge;dur=281,atl-edge-internal;dur=14,atl-edge-upstream;dur=266,atl-edge-pop;desc="aws-ap-south-1"', 'Transfer-Encoding': 'chunked'}
	response text = {"errorMessages":["The value 'SUP' does not exist for the field 'project'."],"warningMessages":[]}
2025-01-10 17:25:00,931 - ERROR - Error fetching issues: JiraError HTTP 400 url: https://shivamsolanki9893.atlassian.net/rest/api/2/search?jql=project+%3D+SUP+AND+created+%3E%3D+%272025-01-10+17%3A20%27+AND+assignee+is+EMPTY&startAt=0&validateQuery=True&fields=%2Aall&maxResults=50
	text: The value 'SUP' does not exist for the field 'project'.
	
	response headers = {'Date': 'Fri, 10 Jan 2025 11:55:02 GMT', 'Content-Type': 'application/json;charset=UTF-8', 'Server': 'AtlassianEdge', 'Timing-Allow-Origin': '*', 'X-Arequestid': '784c6b2b8a45f44c8d40a9bc4604f1a1', 'X-Seraph-Loginreason': 'AUTHENTICATED_FAILED', 'Cache-Control': 'no-cache, no-store, no-transform', 'X-Content-Type-Options': 'nosniff', 'X-Xss-Protection': '1; mode=block', 'Atl-Traceid': '4bdd376c73284679bf9e731d474227c9', 'Atl-Request-Id': '4bdd376c-7328-4679-bf9e-731d474227c9', 'Strict-Transport-Security': 'max-age=63072000; includeSubDomains; preload', 'Report-To': '{"endpoints": [{"url": "https://dz8aopenkvv6s.cloudfront.net"}], "group": "endpoint-1", "include_subdomains": true, "max_age": 600}', 'Nel': '{"failure_fraction": 0.001, "include_subdomains": true, "max_age": 600, "report_to": "endpoint-1"}', 'Server-Timing': 'atl-edge;dur=250,atl-edge-internal;dur=14,atl-edge-upstream;dur=236,atl-edge-pop;desc="aws-ap-south-1"', 'Transfer-Encoding': 'chunked'}
	response text = {"errorMessages":["The value 'SUP' does not exist for the field 'project'."],"warningMessages":[]}
2025-01-10 17:25:21,372 - ERROR - Error fetching issues: JiraError HTTP 400 url: https://shivamsolanki9893.atlassian.net/rest/api/2/search?jql=project+%3D+SUP-1+AND+created+%3E%3D+%272025-01-10+17%3A20%27+AND+assignee+is+EMPTY&startAt=0&validateQuery=True&fields=%2Aall&maxResults=50
	text: The value 'SUP-1' does not exist for the field 'project'.
	
	response headers = {'Date': 'Fri, 10 Jan 2025 11:55:22 GMT', 'Content-Type': 'application/json;charset=UTF-8', 'Server': 'AtlassianEdge', 'Timing-Allow-Origin': '*', 'X-Arequestid': 'dbba03dfb74490dc8f387eb8687624a2', 'X-Seraph-Loginreason': 'AUTHENTICATED_FAILED', 'Cache-Control': 'no-cache, no-store, no-transform', 'X-Content-Type-Options': 'nosniff', 'X-Xss-Protection': '1; mode=block', 'Atl-Traceid': 'a6ddf2c84c4a4a8495c8d6f94f2b06ab', 'Atl-Request-Id': 'a6ddf2c8-4c4a-4a84-95c8-d6f94f2b06ab', 'Strict-Transport-Security': 'max-age=63072000; includeSubDomains; preload', 'Report-To': '{"endpoints": [{"url": "https://dz8aopenkvv6s.cloudfront.net"}], "group": "endpoint-1", "include_subdomains": true, "max_age": 600}', 'Nel': '{"failure_fraction": 0.001, "include_subdomains": true, "max_age": 600, "report_to": "endpoint-1"}', 'Server-Timing': 'atl-edge;dur=243,atl-edge-internal;dur=12,atl-edge-upstream;dur=231,atl-edge-pop;desc="aws-ap-south-1"', 'Transfer-Encoding': 'chunked'}
	response text = {"errorMessages":["The value 'SUP-1' does not exist for the field 'project'."],"warningMessages":[]}
2025-01-10 17:28:13,574 - ERROR - JIRA_API_TOKEN environment variable not found
2025-01-10 17:28:13,576 - ERROR - Failed to initialize JIRA: JIRA_API_TOKEN not set
2025-01-10 17:30:58,572 - INFO - Successfully assigned issue SUP-5 to shivamsolanki1415@gmail.com
2025-01-10 17:31:30,254 - INFO - Successfully assigned issue SUP-6 to shivamsolanki1415@gmail.com
2025-01-10 17:32:01,683 - INFO - Successfully assigned issue SUP-7 to shivamsolanki1415@gmail.com
2025-01-10 17:57:37,129 - INFO - Successfully assigned issue SUP-8 to shivamsolanki1415@gmail.com
2025-01-10 17:59:09,298 - INFO - Successfully assigned issue SUP-9 to shivamsolanki1415@gmail.com
2025-01-10 18:04:14,343 - INFO - Successfully assigned issue SUP-10 to shivamsolanki1415@gmail.com
2025-01-10 18:52:16,638 - INFO - Successfully assigned issue SUP-11 to shivamsolanki1415@gmail.com
2025-01-10 18:53:48,872 - INFO - Successfully assigned issue SUP-12 to shivamsolanki1415@gmail.com
2025-01-10 18:58:54,857 - INFO - Successfully assigned issue SUP-13 to shivamsolanki1415@gmail.com
2025-01-10 19:03:10,674 - INFO - Successfully assigned issue SUP-15 to shivamsolanki1415@gmail.com
2025-01-10 19:03:11,496 - INFO - Successfully assigned issue SUP-14 to shivamsolanki1415@gmail.com
2025-01-10 23:33:04,933 - INFO - Successfully assigned issue SUP-16 to shivamsolanki1415@gmail.com
2025-01-10 23:34:06,957 - INFO - Successfully assigned issue SUP-17 to shivamsolanki1415@gmail.com
